[0.028s] Invoking command in '/home/nicholas/arduinobot_ws/build/arduinobot_msgs': CMAKE_PREFIX_PATH=${CMAKE_PREFIX_PATH}:/home/nicholas/arduinobot_ws/install/arduinobot_py_examples:/opt/ros/humble /usr/bin/cmake --build /home/nicholas/arduinobot_ws/build/arduinobot_msgs -- -j16 -l16
[0.055s] -- Found ament_cmake: 1.3.11 (/opt/ros/humble/share/ament_cmake/cmake)
[0.164s] -- Found std_msgs: 4.8.0 (/opt/ros/humble/share/std_msgs/cmake)
[0.187s] -- Found rosidl_generator_c: 3.1.6 (/opt/ros/humble/share/rosidl_generator_c/cmake)
[0.190s] -- Found rosidl_adapter: 3.1.6 (/opt/ros/humble/share/rosidl_adapter/cmake)
[0.196s] -- Found rosidl_generator_cpp: 3.1.6 (/opt/ros/humble/share/rosidl_generator_cpp/cmake)
[0.205s] -- Using all available rosidl_typesupport_c: rosidl_typesupport_fastrtps_c;rosidl_typesupport_introspection_c
[0.215s] -- Using all available rosidl_typesupport_cpp: rosidl_typesupport_fastrtps_cpp;rosidl_typesupport_introspection_cpp
[0.234s] -- Found rosidl_default_generators: 1.2.0 (/opt/ros/humble/share/rosidl_default_generators/cmake)
[0.420s] [31mCMake Error at /opt/ros/humble/share/rosidl_adapter/cmake/rosidl_adapt_interfaces.cmake:59 (message):
[0.420s]   execute_process(/usr/bin/python3 -m rosidl_adapter --package-name
[0.420s]   arduinobot_msgs --arguments-file
[0.420s]   /home/nicholas/arduinobot_ws/build/arduinobot_msgs/rosidl_adapter__arguments__arduinobot_msgs.json
[0.420s]   --output-dir
[0.420s]   /home/nicholas/arduinobot_ws/build/arduinobot_msgs/rosidl_adapter/arduinobot_msgs
[0.420s]   --output-file
[0.420s]   /home/nicholas/arduinobot_ws/build/arduinobot_msgs/rosidl_adapter/arduinobot_msgs.idls)
[0.420s]   returned error code 1:
[0.420s] 
[0.420s]   Traceback (most recent call last):
[0.420s] 
[0.420s]     File "/usr/lib/python3.10/runpy.py", line 196, in _run_module_as_main
[0.421s]       return _run_code(code, main_globals, None,
[0.421s]     File "/usr/lib/python3.10/runpy.py", line 86, in _run_code
[0.421s]       exec(code, run_globals)
[0.421s]     File "/opt/ros/humble/local/lib/python3.10/dist-packages/rosidl_adapter/__main__.py", line 19, in <module>
[0.421s]       sys.exit(main())
[0.421s]     File "/opt/ros/humble/local/lib/python3.10/dist-packages/rosidl_adapter/main.py", line 53, in main
[0.421s]       abs_idl_file = convert_to_idl(
[0.421s]     File "/opt/ros/humble/local/lib/python3.10/dist-packages/rosidl_adapter/__init__.py", line 29, in convert_to_idl
[0.421s]       return convert_action_to_idl(
[0.421s]     File "/opt/ros/humble/local/lib/python3.10/dist-packages/rosidl_adapter/action/__init__.py", line 28, in convert_action_to_idl
[0.421s]       action = parse_action_string(package_name, input_file.stem, content)
[0.421s]     File "/opt/ros/humble/local/lib/python3.10/dist-packages/rosidl_adapter/parser.py", line 894, in parse_action_string
[0.421s]       raise InvalidActionSpecification(
[0.421s] 
[0.421s]   rosidl_adapter.parser.InvalidActionSpecification: Number of '---'
[0.421s]   separators nonconformant with action definition
[0.421s] 
[0.421s] Call Stack (most recent call first):
[0.422s]   /opt/ros/humble/share/rosidl_cmake/cmake/rosidl_generate_interfaces.cmake:130 (rosidl_adapt_interfaces)
[0.422s]   CMakeLists.txt:16 (rosidl_generate_interfaces)
[0.422s] 
[0.422s] [0m
[0.422s] -- Configuring incomplete, errors occurred!
[0.422s] See also "/home/nicholas/arduinobot_ws/build/arduinobot_msgs/CMakeFiles/CMakeOutput.log".
[0.428s] gmake: *** [Makefile:1395: cmake_check_build_system] Error 1
[0.432s] Invoked command in '/home/nicholas/arduinobot_ws/build/arduinobot_msgs' returned '2': CMAKE_PREFIX_PATH=${CMAKE_PREFIX_PATH}:/home/nicholas/arduinobot_ws/install/arduinobot_py_examples:/opt/ros/humble /usr/bin/cmake --build /home/nicholas/arduinobot_ws/build/arduinobot_msgs -- -j16 -l16
