[0.037s] Invoking command in '/home/nicholas/arduinobot_ws/build/aruduinobot_controller': CMAKE_PREFIX_PATH=${CMAKE_PREFIX_PATH}:/home/nicholas/arduinobot_ws/install/arduinobot_py_examples:/opt/ros/humble /usr/bin/cmake --build /home/nicholas/arduinobot_ws/build/aruduinobot_controller -- -j16 -l16
[0.076s] -- Found ament_cmake: 1.3.11 (/opt/ros/humble/share/ament_cmake/cmake)
[0.243s] -- Found hardware_interface: 2.49.0 (/opt/ros/humble/share/hardware_interface/cmake)
[0.329s] -- Found rosidl_generator_c: 3.1.6 (/opt/ros/humble/share/rosidl_generator_c/cmake)
[0.338s] -- Found rosidl_adapter: 3.1.6 (/opt/ros/humble/share/rosidl_adapter/cmake)
[0.352s] -- Found rosidl_generator_cpp: 3.1.6 (/opt/ros/humble/share/rosidl_generator_cpp/cmake)
[0.371s] -- Using all available rosidl_typesupport_c: rosidl_typesupport_fastrtps_c;rosidl_typesupport_introspection_c
[0.402s] -- Using all available rosidl_typesupport_cpp: rosidl_typesupport_fastrtps_cpp;rosidl_typesupport_introspection_cpp
[0.715s] -- Found rmw_implementation_cmake: 6.1.2 (/opt/ros/humble/share/rmw_implementation_cmake/cmake)
[0.720s] -- Found rmw_cyclonedds_cpp: 1.3.4 (/opt/ros/humble/share/rmw_cyclonedds_cpp/cmake)
[0.757s] -- Using RMW implementation 'rmw_cyclonedds_cpp' as default
[0.774s] -- Looking for pthread.h
[0.890s] -- Looking for pthread.h - found
[0.890s] -- Performing Test CMAKE_HAVE_LIBC_PTHREAD
[0.978s] -- Performing Test CMAKE_HAVE_LIBC_PTHREAD - Success
[0.979s] -- Found Threads: TRUE  
[1.069s] -- Found PkgConfig: /usr/bin/pkg-config (found version "0.29.2") 
[1.070s] -- Checking for module 'libserial'
[1.088s] --   Found libserial, version 1.0.0
[1.155s] -- Found ament_lint_auto: 0.12.12 (/opt/ros/humble/share/ament_lint_auto/cmake)
[1.232s] -- Added test 'cppcheck' to perform static code analysis on C / C++ code
[1.232s] -- Configured cppcheck include dirs: /home/nicholas/arduinobot_ws/src/aruduinobot_controller/include;/home/nicholas/arduinobot_ws/src/aruduinobot_controller/
[1.232s] -- Configured cppcheck exclude dirs and/or files: 
[1.233s] -- Added test 'flake8' to check Python code syntax and style conventions
[1.235s] -- Added test 'lint_cmake' to check CMake code style
[1.236s] -- Added test 'pep257' to check Python code against some of the docstring style conventions in PEP 257
[1.236s] -- Added test 'uncrustify' to check C / C++ code style
[1.237s] -- Configured uncrustify additional arguments: 
[1.237s] -- Added test 'xmllint' to check XML markup files
[1.241s] -- Configuring done
[1.304s] -- Generating done
[1.310s] -- Build files have been written to: /home/nicholas/arduinobot_ws/build/aruduinobot_controller
[1.360s] [ 50%] [32mBuilding CXX object CMakeFiles/aruduinobot_controller.dir/src/arduinobot_interface.cpp.o[0m
[1.374s] [01m[K/home/nicholas/arduinobot_ws/src/aruduinobot_controller/src/arduinobot_interface.cpp:1:10:[m[K [01;31m[Kfatal error: [m[Karuduinobot_controller/arduinobot_interface.hpp: No such file or directory
[1.374s]     1 | #include [01;31m[K"aruduinobot_controller/arduinobot_interface.hpp"[m[K
[1.374s]       |          [01;31m[K^~~~~~~~~~~~~~~~~~~~~~~~~~~~~~~~~~~~~~~~~~~~~~~~~[m[K
[1.374s] compilation terminated.
[1.375s] gmake[2]: *** [CMakeFiles/aruduinobot_controller.dir/build.make:76: CMakeFiles/aruduinobot_controller.dir/src/arduinobot_interface.cpp.o] Error 1
[1.375s] gmake[1]: *** [CMakeFiles/Makefile2:137: CMakeFiles/aruduinobot_controller.dir/all] Error 2
[1.376s] gmake: *** [Makefile:146: all] Error 2
[1.379s] Invoked command in '/home/nicholas/arduinobot_ws/build/aruduinobot_controller' returned '2': CMAKE_PREFIX_PATH=${CMAKE_PREFIX_PATH}:/home/nicholas/arduinobot_ws/install/arduinobot_py_examples:/opt/ros/humble /usr/bin/cmake --build /home/nicholas/arduinobot_ws/build/aruduinobot_controller -- -j16 -l16
